# JRE version: Java(TM) SE Runtime Environment (17.0.2+8) (build 17.0.2+8-LTS-86)
# Java VM: Java HotSpot(TM) 64-Bit Server VM (17.0.2+8-LTS-86, mixed mode, sharing, tiered, compressed oops, compressed class ptrs, g1 gc, windows-amd64)
GC Precious Log:
 CPUs: 12 total, 12 available
 Memory: 24297M
 Large Page Support: Disabled
 NUMA Support: Disabled
 Compressed Oops: Enabled (Zero based)
 Heap Region Size: 4M
 Heap Min Capacity: 8M
 Heap Initial Capacity: 380M
 Heap Max Capacity: 6076M
 Pre-touch: Disabled
 Parallel Workers: 10
 Concurrent Workers: 3
 Concurrent Refinement Workers: 10
 Periodic GC: Disabled
Heap:
 garbage-first heap   total 217088K, used 86060K [0x0000000684400000, 0x0000000800000000)
  region size 4096K, 1 young (4096K), 1 survivors (4096K)
 Metaspace       used 101788K, committed 103808K, reserved 1146880K
  class space    used 11069K, committed 12096K, reserved 1048576K
GC Heap History (20 events):
Event: 770.010 GC heap after
{Heap after GC invocations=90 (full 0):
 garbage-first heap   total 217088K, used 85496K [0x0000000684400000, 0x0000000800000000)
  region size 4096K, 1 young (4096K), 1 survivors (4096K)
 Metaspace       used 101369K, committed 103360K, reserved 1146880K
  class space    used 11026K, committed 12096K, reserved 1048576K
}
Event: 784.010 GC heap before
{Heap before GC invocations=90 (full 0):
 garbage-first heap   total 217088K, used 175608K [0x0000000684400000, 0x0000000800000000)
  region size 4096K, 24 young (98304K), 1 survivors (4096K)
 Metaspace       used 101474K, committed 103488K, reserved 1146880K
  class space    used 11026K, committed 12096K, reserved 1048576K
}
Event: 784.012 GC heap after
{Heap after GC invocations=91 (full 0):
 garbage-first heap   total 217088K, used 85545K [0x0000000684400000, 0x0000000800000000)
  region size 4096K, 1 young (4096K), 1 survivors (4096K)
 Metaspace       used 101474K, committed 103488K, reserved 1146880K
  class space    used 11026K, committed 12096K, reserved 1048576K
}
Event: 816.103 GC heap before
{Heap before GC invocations=91 (full 0):
 garbage-first heap   total 217088K, used 175657K [0x0000000684400000, 0x0000000800000000)
  region size 4096K, 24 young (98304K), 1 survivors (4096K)
 Metaspace       used 101658K, committed 103616K, reserved 1146880K
  class space    used 11054K, committed 12096K, reserved 1048576K
}
Event: 816.106 GC heap after
{Heap after GC invocations=92 (full 0):
 garbage-first heap   total 217088K, used 85702K [0x0000000684400000, 0x0000000800000000)
  region size 4096K, 1 young (4096K), 1 survivors (4096K)
 Metaspace       used 101658K, committed 103616K, reserved 1146880K
  class space    used 11054K, committed 12096K, reserved 1048576K
}
Event: 816.232 GC heap before
{Heap before GC invocations=92 (full 0):
 garbage-first heap   total 217088K, used 175814K [0x0000000684400000, 0x0000000800000000)
  region size 4096K, 24 young (98304K), 1 survivors (4096K)
 Metaspace       used 101691K, committed 103680K, reserved 1146880K
  class space    used 11059K, committed 12096K, reserved 1048576K
}
Event: 816.234 GC heap after
{Heap after GC invocations=93 (full 0):
 garbage-first heap   total 217088K, used 85616K [0x0000000684400000, 0x0000000800000000)
  region size 4096K, 1 young (4096K), 1 survivors (4096K)
 Metaspace       used 101691K, committed 103680K, reserved 1146880K
  class space    used 11059K, committed 12096K, reserved 1048576K
}
Event: 817.245 GC heap before
{Heap before GC invocations=93 (full 0):
 garbage-first heap   total 217088K, used 179824K [0x0000000684400000, 0x0000000800000000)
  region size 4096K, 24 young (98304K), 1 survivors (4096K)
 Metaspace       used 101693K, committed 103680K, reserved 1146880K
  class space    used 11059K, committed 12096K, reserved 1048576K
}
Event: 817.247 GC heap after
{Heap after GC invocations=94 (full 0):
 garbage-first heap   total 217088K, used 85685K [0x0000000684400000, 0x0000000800000000)
  region size 4096K, 1 young (4096K), 1 survivors (4096K)
 Metaspace       used 101693K, committed 103680K, reserved 1146880K
  class space    used 11059K, committed 12096K, reserved 1048576K
}
Event: 817.338 GC heap before
{Heap before GC invocations=94 (full 0):
 garbage-first heap   total 217088K, used 175797K [0x0000000684400000, 0x0000000800000000)
  region size 4096K, 24 young (98304K), 1 survivors (4096K)
 Metaspace       used 101701K, committed 103680K, reserved 1146880K
  class space    used 11061K, committed 12096K, reserved 1048576K
}
Event: 817.340 GC heap after
{Heap after GC invocations=95 (full 0):
 garbage-first heap   total 217088K, used 85692K [0x0000000684400000, 0x0000000800000000)
  region size 4096K, 1 young (4096K), 1 survivors (4096K)
 Metaspace       used 101701K, committed 103680K, reserved 1146880K
  class space    used 11061K, committed 12096K, reserved 1048576K
}
Event: 817.465 GC heap before
{Heap before GC invocations=95 (full 0):
 garbage-first heap   total 217088K, used 179900K [0x0000000684400000, 0x0000000800000000)
  region size 4096K, 24 young (98304K), 1 survivors (4096K)
 Metaspace       used 101701K, committed 103680K, reserved 1146880K
  class space    used 11061K, committed 12096K, reserved 1048576K
}
Event: 817.467 GC heap after
{Heap after GC invocations=96 (full 0):
 garbage-first heap   total 217088K, used 85754K [0x0000000684400000, 0x0000000800000000)
  region size 4096K, 1 young (4096K), 1 survivors (4096K)
 Metaspace       used 101701K, committed 103680K, reserved 1146880K
  class space    used 11061K, committed 12096K, reserved 1048576K
}
Event: 817.651 GC heap before
{Heap before GC invocations=96 (full 0):
 garbage-first heap   total 217088K, used 179962K [0x0000000684400000, 0x0000000800000000)
  region size 4096K, 24 young (98304K), 1 survivors (4096K)
 Metaspace       used 101705K, committed 103680K, reserved 1146880K
  class space    used 11061K, committed 12096K, reserved 1048576K
}
Event: 817.652 GC heap after
{Heap after GC invocations=97 (full 0):
 garbage-first heap   total 217088K, used 85672K [0x0000000684400000, 0x0000000800000000)
  region size 4096K, 1 young (4096K), 1 survivors (4096K)
 Metaspace       used 101705K, committed 103680K, reserved 1146880K
  class space    used 11061K, committed 12096K, reserved 1048576K
}
Event: 818.352 GC heap before
{Heap before GC invocations=97 (full 0):
 garbage-first heap   total 217088K, used 179880K [0x0000000684400000, 0x0000000800000000)
  region size 4096K, 24 young (98304K), 1 survivors (4096K)
 Metaspace       used 101769K, committed 103744K, reserved 1146880K
  class space    used 11069K, committed 12096K, reserved 1048576K
}
Event: 818.353 GC heap after
{Heap after GC invocations=98 (full 0):
 garbage-first heap   total 217088K, used 85985K [0x0000000684400000, 0x0000000800000000)
  region size 4096K, 1 young (4096K), 1 survivors (4096K)
 Metaspace       used 101769K, committed 103744K, reserved 1146880K
  class space    used 11069K, committed 12096K, reserved 1048576K
}
Event: 818.484 GC heap before
{Heap before GC invocations=98 (full 0):
 garbage-first heap   total 217088K, used 180193K [0x0000000684400000, 0x0000000800000000)
  region size 4096K, 24 young (98304K), 1 survivors (4096K)
 Metaspace       used 101770K, committed 103744K, reserved 1146880K
  class space    used 11069K, committed 12096K, reserved 1048576K
}
Event: 818.486 GC heap after
{Heap after GC invocations=99 (full 0):
 garbage-first heap   total 217088K, used 86035K [0x0000000684400000, 0x0000000800000000)
  region size 4096K, 1 young (4096K), 1 survivors (4096K)
 Metaspace       used 101770K, committed 103744K, reserved 1146880K
  class space    used 11069K, committed 12096K, reserved 1048576K
}
Event: 825.946 GC heap before
{Heap before GC invocations=99 (full 0):
 garbage-first heap   total 217088K, used 176147K [0x0000000684400000, 0x0000000800000000)
  region size 4096K, 24 young (98304K), 1 survivors (4096K)
 Metaspace       used 101788K, committed 103808K, reserved 1146880K
  class space    used 11069K, committed 12096K, reserved 1048576K
}

