# JRE version: Java(TM) SE Runtime Environment (17.0.2+8) (build 17.0.2+8-LTS-86)
# Java VM: Java HotSpot(TM) 64-Bit Server VM (17.0.2+8-LTS-86, mixed mode, sharing, tiered, compressed oops, compressed class ptrs, g1 gc, windows-amd64)
GC Precious Log:
 CPUs: 12 total, 12 available
 Memory: 16105M
 Large Page Support: Disabled
 NUMA Support: Disabled
 Compressed Oops: Enabled (Zero based)
 Heap Region Size: 2M
 Heap Min Capacity: 8M
 Heap Initial Capacity: 252M
 Heap Max Capacity: 4028M
 Pre-touch: Disabled
 Parallel Workers: 10
 Concurrent Workers: 3
 Concurrent Refinement Workers: 10
 Periodic GC: Disabled
Heap:
 garbage-first heap   total 206848K, used 96223K [0x0000000704400000, 0x0000000800000000)
  region size 2048K, 26 young (53248K), 4 survivors (8192K)
 Metaspace       used 65880K, committed 66752K, reserved 1114112K
  class space    used 7280K, committed 7744K, reserved 1048576K
GC Heap History (20 events):
Event: 13.107 GC heap before
{Heap before GC invocations=21 (full 0):
 garbage-first heap   total 192512K, used 55184K [0x0000000704400000, 0x0000000800000000)
  region size 2048K, 11 young (22528K), 5 survivors (10240K)
 Metaspace       used 59806K, committed 60416K, reserved 1105920K
  class space    used 6796K, committed 7168K, reserved 1048576K
}
Event: 13.112 GC heap after
{Heap after GC invocations=22 (full 0):
 garbage-first heap   total 192512K, used 47741K [0x0000000704400000, 0x0000000800000000)
  region size 2048K, 4 young (8192K), 4 survivors (8192K)
 Metaspace       used 59806K, committed 60416K, reserved 1105920K
  class space    used 6796K, committed 7168K, reserved 1048576K
}
Event: 13.649 GC heap before
{Heap before GC invocations=23 (full 0):
 garbage-first heap   total 172032K, used 139901K [0x0000000704400000, 0x0000000800000000)
  region size 2048K, 50 young (102400K), 4 survivors (8192K)
 Metaspace       used 62745K, committed 63360K, reserved 1105920K
  class space    used 7058K, committed 7360K, reserved 1048576K
}
Event: 13.654 GC heap after
{Heap after GC invocations=24 (full 0):
 garbage-first heap   total 206848K, used 50779K [0x0000000704400000, 0x0000000800000000)
  region size 2048K, 5 young (10240K), 5 survivors (10240K)
 Metaspace       used 62745K, committed 63360K, reserved 1105920K
  class space    used 7058K, committed 7360K, reserved 1048576K
}
Event: 13.988 GC heap before
{Heap before GC invocations=24 (full 0):
 garbage-first heap   total 206848K, used 163419K [0x0000000704400000, 0x0000000800000000)
  region size 2048K, 60 young (122880K), 5 survivors (10240K)
 Metaspace       used 63624K, committed 64320K, reserved 1105920K
  class space    used 7137K, committed 7488K, reserved 1048576K
}
Event: 13.992 GC heap after
{Heap after GC invocations=25 (full 0):
 garbage-first heap   total 206848K, used 51196K [0x0000000704400000, 0x0000000800000000)
  region size 2048K, 3 young (6144K), 3 survivors (6144K)
 Metaspace       used 63624K, committed 64320K, reserved 1105920K
  class space    used 7137K, committed 7488K, reserved 1048576K
}
Event: 17.092 GC heap before
{Heap before GC invocations=25 (full 0):
 garbage-first heap   total 206848K, used 165884K [0x0000000704400000, 0x0000000800000000)
  region size 2048K, 60 young (122880K), 3 survivors (6144K)
 Metaspace       used 64037K, committed 64832K, reserved 1114112K
  class space    used 7172K, committed 7616K, reserved 1048576K
}
Event: 17.094 GC heap after
{Heap after GC invocations=26 (full 0):
 garbage-first heap   total 206848K, used 51561K [0x0000000704400000, 0x0000000800000000)
  region size 2048K, 3 young (6144K), 3 survivors (6144K)
 Metaspace       used 64037K, committed 64832K, reserved 1114112K
  class space    used 7172K, committed 7616K, reserved 1048576K
}
Event: 19.380 GC heap before
{Heap before GC invocations=26 (full 0):
 garbage-first heap   total 206848K, used 166249K [0x0000000704400000, 0x0000000800000000)
  region size 2048K, 60 young (122880K), 3 survivors (6144K)
 Metaspace       used 64316K, committed 65152K, reserved 1114112K
  class space    used 7188K, committed 7616K, reserved 1048576K
}
Event: 19.383 GC heap after
{Heap after GC invocations=27 (full 0):
 garbage-first heap   total 206848K, used 51560K [0x0000000704400000, 0x0000000800000000)
  region size 2048K, 3 young (6144K), 3 survivors (6144K)
 Metaspace       used 64316K, committed 65152K, reserved 1114112K
  class space    used 7188K, committed 7616K, reserved 1048576K
}
Event: 20.760 GC heap before
{Heap before GC invocations=27 (full 0):
 garbage-first heap   total 206848K, used 166248K [0x0000000704400000, 0x0000000800000000)
  region size 2048K, 60 young (122880K), 3 survivors (6144K)
 Metaspace       used 64705K, committed 65472K, reserved 1114112K
  class space    used 7210K, committed 7616K, reserved 1048576K
}
Event: 20.762 GC heap after
{Heap after GC invocations=28 (full 0):
 garbage-first heap   total 206848K, used 51470K [0x0000000704400000, 0x0000000800000000)
  region size 2048K, 3 young (6144K), 3 survivors (6144K)
 Metaspace       used 64705K, committed 65472K, reserved 1114112K
  class space    used 7210K, committed 7616K, reserved 1048576K
}
Event: 20.993 GC heap before
{Heap before GC invocations=28 (full 0):
 garbage-first heap   total 206848K, used 166158K [0x0000000704400000, 0x0000000800000000)
  region size 2048K, 60 young (122880K), 3 survivors (6144K)
 Metaspace       used 65028K, committed 65856K, reserved 1114112K
  class space    used 7244K, committed 7680K, reserved 1048576K
}
Event: 20.995 GC heap after
{Heap after GC invocations=29 (full 0):
 garbage-first heap   total 206848K, used 51748K [0x0000000704400000, 0x0000000800000000)
  region size 2048K, 3 young (6144K), 3 survivors (6144K)
 Metaspace       used 65028K, committed 65856K, reserved 1114112K
  class space    used 7244K, committed 7680K, reserved 1048576K
}
Event: 22.135 GC heap before
{Heap before GC invocations=29 (full 0):
 garbage-first heap   total 206848K, used 166436K [0x0000000704400000, 0x0000000800000000)
  region size 2048K, 60 young (122880K), 3 survivors (6144K)
 Metaspace       used 65308K, committed 66112K, reserved 1114112K
  class space    used 7250K, committed 7680K, reserved 1048576K
}
Event: 22.137 GC heap after
{Heap after GC invocations=30 (full 0):
 garbage-first heap   total 206848K, used 52494K [0x0000000704400000, 0x0000000800000000)
  region size 2048K, 4 young (8192K), 4 survivors (8192K)
 Metaspace       used 65308K, committed 66112K, reserved 1114112K
  class space    used 7250K, committed 7680K, reserved 1048576K
}
Event: 22.210 GC heap before
{Heap before GC invocations=30 (full 0):
 garbage-first heap   total 206848K, used 165134K [0x0000000704400000, 0x0000000800000000)
  region size 2048K, 60 young (122880K), 4 survivors (8192K)
 Metaspace       used 65341K, committed 66176K, reserved 1114112K
  class space    used 7250K, committed 7680K, reserved 1048576K
}
Event: 22.213 GC heap after
{Heap after GC invocations=31 (full 0):
 garbage-first heap   total 206848K, used 52645K [0x0000000704400000, 0x0000000800000000)
  region size 2048K, 4 young (8192K), 4 survivors (8192K)
 Metaspace       used 65341K, committed 66176K, reserved 1114112K
  class space    used 7250K, committed 7680K, reserved 1048576K
}
Event: 311.965 GC heap before
{Heap before GC invocations=31 (full 0):
 garbage-first heap   total 206848K, used 165285K [0x0000000704400000, 0x0000000800000000)
  region size 2048K, 60 young (122880K), 4 survivors (8192K)
 Metaspace       used 65860K, committed 66752K, reserved 1114112K
  class space    used 7280K, committed 7744K, reserved 1048576K
}
Event: 311.967 GC heap after
{Heap after GC invocations=32 (full 0):
 garbage-first heap   total 206848K, used 53215K [0x0000000704400000, 0x0000000800000000)
  region size 2048K, 4 young (8192K), 4 survivors (8192K)
 Metaspace       used 65860K, committed 66752K, reserved 1114112K
  class space    used 7280K, committed 7744K, reserved 1048576K
}

